%このファイルは日本語文字を含みます.
\BOOKMARK [1][-]{section.1}{\376\377\060\157\060\130\060\201\060\153}{}% 1
\BOOKMARK [1][-]{section.2}{\376\377\060\265\060\374\060\323\060\271\124\010\142\020}{}% 2
\BOOKMARK [2][-]{subsection.2.1}{\376\377\060\265\060\374\060\323\060\271\124\010\142\020\142\113\154\325}{section.2}% 3
\BOOKMARK [3][-]{subsubsection.2.1.1}{\376\377\154\064\136\163\127\213\060\265\060\374\060\323\060\271\124\010\142\020}{subsection.2.1}% 4
\BOOKMARK [3][-]{subsubsection.2.1.2}{\376\377\127\202\166\364\127\213\060\265\060\374\060\323\060\271\124\010\142\020}{subsection.2.1}% 5
\BOOKMARK [2][-]{subsection.2.2}{\376\377\000L\000L\000M\060\222\165\050\060\104\060\137\060\265\060\374\060\323\060\271\124\010\142\020}{section.2}% 6
\BOOKMARK [1][-]{section.3}{\376\377\131\121\175\004\060\315\060\303\060\310\060\327\060\355\060\310\060\263\060\353\060\153\127\372\060\145\060\117\060\265\060\374\060\323\060\271\124\010\142\020}{}% 7
\BOOKMARK [2][-]{subsection.3.1}{\376\377\131\121\175\004\060\315\060\303\060\310\060\327\060\355\060\310\060\263\060\353}{section.3}% 8
\BOOKMARK [2][-]{subsection.3.2}{\376\377\060\267\060\271\060\306\060\340\151\202\211\201}{section.3}% 9
\BOOKMARK [2][-]{subsection.3.3}{\376\377\000L\000L\000M\060\153\127\372\060\145\060\117\060\250\060\374\060\270\060\247\060\363\060\310}{section.3}% 10
\BOOKMARK [3][-]{subsubsection.3.3.1}{\376\377\060\327\060\355\060\363\060\327\060\310\212\055\212\010}{subsection.3.3}% 11
\BOOKMARK [3][-]{subsubsection.3.3.2}{\376\377\060\263\060\363\060\310\060\351\060\257\060\277\060\250\060\374\060\270\060\247\060\363\060\310}{subsection.3.3}% 12
\BOOKMARK [3][-]{subsubsection.3.3.3}{\376\377\060\336\060\315\060\374\060\270\060\343\060\250\060\374\060\270\060\247\060\363\060\310}{subsection.3.3}% 13
\BOOKMARK [2][-]{subsection.3.4}{\376\377\060\327\060\355\060\310\060\263\060\353}{section.3}% 14
\BOOKMARK [3][-]{subsubsection.3.4.1}{\376\377\060\336\060\315\060\374\060\270\060\343\116\073\134\016\127\213\060\277\060\271\060\257\122\006\211\343}{subsection.3.4}% 15
\BOOKMARK [3][-]{subsubsection.3.4.2}{\376\377\060\263\060\363\060\310\060\351\060\257\060\277\116\073\134\016\127\213\060\277\060\271\060\257\122\006\211\343}{subsection.3.4}% 16
\BOOKMARK [3][-]{subsubsection.3.4.3}{\376\377\123\124\212\277\127\213\060\277\060\271\060\257\122\006\211\343}{subsection.3.4}% 17
\BOOKMARK [1][-]{section.4}{\376\377\212\125\117\241}{}% 18
\BOOKMARK [2][-]{subsection.4.1}{\376\377\133\237\232\023\212\055\133\232}{section.4}% 19
\BOOKMARK [3][-]{subsubsection.4.1.1}{\376\377\133\237\232\023\060\307\060\374\060\277}{subsection.4.1}% 20
\BOOKMARK [3][-]{subsubsection.4.1.2}{\376\377\212\125\117\241\143\007\152\031}{subsection.4.1}% 21
\BOOKMARK [3][-]{subsubsection.4.1.3}{\376\377\060\336\060\315\060\374\060\270\060\343\116\073\134\016\060\277\060\271\060\257\122\006\211\343}{subsection.4.1}% 22
\BOOKMARK [3][-]{subsubsection.4.1.4}{\376\377\060\263\060\363\060\310\060\351\060\257\060\277\116\073\134\016\060\277\060\271\060\257\122\006\211\343}{subsection.4.1}% 23
\BOOKMARK [3][-]{subsubsection.4.1.5}{\376\377\123\124\212\277\127\213\060\277\060\271\060\257\122\006\211\343}{subsection.4.1}% 24
\BOOKMARK [1][-]{section.5}{\376\377\200\003\133\337}{}% 25
\BOOKMARK [2][-]{subsection.5.1}{\376\377\123\130\116\000\060\250\060\374\060\270\060\247\060\363\060\310\060\150\060\156\153\324\217\003}{section.5}% 26
\BOOKMARK [2][-]{subsection.5.2}{\376\377\060\327\060\355\060\310\060\263\060\353\225\223\060\156\153\324\217\003\200\003\133\337}{section.5}% 27
\BOOKMARK [3][-]{subsubsection.5.2.1}{\376\377\143\250\205\246\174\276\136\246\060\156\211\263\160\271}{subsection.5.2}% 28
\BOOKMARK [3][-]{subsubsection.5.2.2}{\376\377\143\250\212\326\060\263\060\271\060\310\060\150\122\271\163\207\140\047\060\156\211\263\160\271}{subsection.5.2}% 29
\BOOKMARK [3][-]{subsubsection.5.2.3}{\376\377\147\000\175\102\143\250\205\246\000A\000P\000I\145\160\060\156\211\263\160\271}{subsection.5.2}% 30
\BOOKMARK [3][-]{subsubsection.5.2.4}{\376\377\214\254\116\373\122\006\142\305\060\150\147\324\216\337\140\047\060\156\060\310\060\354\060\374\060\311\060\252\060\325}{subsection.5.2}% 31
\BOOKMARK [2][-]{subsection.5.3}{\376\377\116\312\137\214\060\156\212\262\230\114}{section.5}% 32
\BOOKMARK [1][-]{section.6}{\376\377\060\112\060\217\060\212\060\153}{}% 33
\BOOKMARK [1][-]{section*.3}{\376\377\123\302\200\003\145\207\163\056}{}% 34
